{ Using PSTWRITER 16.6.0 d001Feb-20-2017 at 09:27:04 }

#1 WARNING(ORCAP-36038): "No_connect" property on Pin "USB1.2" ignored for USB1: SCHEMATIC1, 03 BOOSTPACK (210.82, 190.50). Connecting pin to net "N16789003".
#2 WARNING(ORCAP-36038): "No_connect" property on Pin "U25.4" ignored for U25: SCHEMATIC1, 03 BOOSTPACK (177.80, 195.58). Connecting pin to net "N16789003".
#3 WARNING(ORCAP-36038): "No_connect" property on Pin "U25.3" ignored for U25: SCHEMATIC1, 03 BOOSTPACK (177.80, 195.58). Connecting pin to net "N16789003".
#4 WARNING(ORCAP-36038): "No_connect" property on Pin "U1.6" ignored for U1: SCHEMATIC1, 02 MB1136 (121.92, 73.66). Connecting pin to net "VCC_E5V".
#5 WARNING(ORCAP-36038): "No_connect" property on Pin "U1.5" ignored for U1: SCHEMATIC1, 02 MB1136 (121.92, 73.66). Connecting pin to net "VCC_VDD".
#6 WARNING(ORCAP-36038): "No_connect" property on Pin "U1.18" ignored for U1: SCHEMATIC1, 02 MB1136 (121.92, 73.66). Connecting pin to net "VCC_5V".
#7 WARNING(ORCAP-36038): "No_connect" property on Pin "U1.24" ignored for U1: SCHEMATIC1, 02 MB1136 (121.92, 73.66). Connecting pin to net "VCC_VIN".
#8 WARNING(ORCAP-36038): "No_connect" property on Pin "U1.33" ignored for U1: SCHEMATIC1, 02 MB1136 (121.92, 73.66). Connecting pin to net "VCC_VBAT".
#9 WARNING(ORCAP-36038): "No_connect" property on Pin "U1.46" ignored for U1: SCHEMATIC1, 02 MB1136 (246.38, 73.66). Connecting pin to net "VCC_U5V".
#10 WARNING(ORCAP-36038): "No_connect" property on Pin "U11.1" ignored for U11: SCHEMATIC1, 03 BOOSTPACK (223.52, 127.00). Connecting pin to net "485_A".
#11 WARNING(ORCAP-36038): "No_connect" property on Pin "U13.1" ignored for U13: SCHEMATIC1, 03 BOOSTPACK (215.90, 165.10). Connecting pin to net "CAN_L".
#12 WARNING(ORCAP-36038): "No_connect" property on Pin "U1.56" ignored for U1: SCHEMATIC1, 02 MB1136 (246.38, 73.66). Connecting pin to net "LCD_D11".
#13 WARNING(ORCAP-36038): "No_connect" property on Pin "U1.14" ignored for U1: SCHEMATIC1, 02 MB1136 (121.92, 73.66). Connecting pin to net "RESET".
#14 WARNING(ORCAP-36038): "No_connect" property on Pin "U7.1" ignored for U7: SCHEMATIC1, 03 BOOSTPACK (43.18, 88.90). Connecting pin to net "GND".
#15 WARNING(ORCAP-36038): "No_connect" property on Pin "U7.2" ignored for U7: SCHEMATIC1, 03 BOOSTPACK (43.18, 88.90). Connecting pin to net "GND".
#16 WARNING(ORCAP-36038): "No_connect" property on Pin "U7.3" ignored for U7: SCHEMATIC1, 03 BOOSTPACK (43.18, 88.90). Connecting pin to net "GND".
#17 WARNING(ORCAP-36038): "No_connect" property on Pin "U1.7" ignored for U1: SCHEMATIC1, 02 MB1136 (121.92, 73.66). Connecting pin to net "BOOT0".
#18 WARNING(ORCAP-36006): Part Name "PESD3V3S1UB_1_SOD523_PESD3V3SIUB" is renamed to "PESD3V3S1UB_1_SOD523_PESD3V3SIU".
#19 WARNING(ORCAP-36006): Part Name "DIODE13_0_SOD-123_LMBR120FT1G_SOD-123" is renamed to "DIODE13_0_SOD-123_LMBR120FT1G_S".
#20 WARNING(ORCAP-36006): Part Name "CONN RCPT 3X2_HEADER3X2_2R54_HEADER3X2_2R54" is renamed to "CONN RCPT 3X2_HEADER3X2_2R54_HE".
#21 WARNING(ORCAP-36006): Part Name "WJ2EDGRC-5.08-4P_WJ2EDGRC-5R08-4P_WJ2EDGRC-5.08-4P" is renamed to "WJ2EDGRC-5.08-4P_WJ2EDGRC-5R08-".
#22 WARNING(ORCAP-36006): Part Name "IND_BEAD_0805_600OHM_1_L5020_SWPA5020S1R5MT" is renamed to "IND_BEAD_0805_600OHM_1_L5020_SW".
#23 WARNING(ORCAP-36006): Part Name "MOS-P_SOT23_GSD_AO3401A_SOT23_PMOS" is renamed to "MOS-P_SOT23_GSD_AO3401A_SOT23_P".
#24 WARNING(ORCAP-36006): Part Name "NUCLEO-F446RE_NUCLEO-F446RE_NUCLEO-F446RE" is renamed to "NUCLEO-F446RE_NUCLEO-F446RE_NUC".
#25 WARNING(ORCAP-36006): Part Name "ATK MODULE_ATK-MODULE_ATK MODULE" is renamed to "ATK MODULE_ATK-MODULE_ATK MODUL".
#26 WARNING(ORCAP-36006): Part Name "ESP8266PACK_ESP8266PACK_ESP8266PACK" is renamed to "ESP8266PACK_ESP8266PACK_ESP8266".
#27 WARNING(ORCAP-36006): Part Name "NUP2202W1_D_2_SOT-363_NUP4202W1T2G" is renamed to "NUP2202W1_D_2_SOT-363_NUP4202W1".
#28 WARNING(ORCAP-36006): Part Name "NRF24L01PACK_NRF24L01PACK_NRF24L01PACK" is renamed to "NRF24L01PACK_NRF24L01PACK_NRF24".
INFO(ORCAP-36080): Scanning netlist files ...

Loading... E:\GITHUB\MY-RIDE-LIFE\HARDWARE\MB1136_BOOSTPACK_V10A\SCH\ALLEGRO/pstchip.dat

Loading... E:\GITHUB\MY-RIDE-LIFE\HARDWARE\MB1136_BOOSTPACK_V10A\SCH\ALLEGRO/pstchip.dat

Loading... E:\GITHUB\MY-RIDE-LIFE\HARDWARE\MB1136_BOOSTPACK_V10A\SCH\ALLEGRO/pstxprt.dat

Loading... E:\GITHUB\MY-RIDE-LIFE\HARDWARE\MB1136_BOOSTPACK_V10A\SCH\ALLEGRO/pstxnet.dat
packaging the design view...